<?xml version="1.0" encoding="UTF-8"?>
<!-- Generated by org.testng.reporters.JUnitReportReporter -->
<testsuite hostname="DESKTOP-5TMJUQI" failures="0" tests="2" name="com.simplilearn.testng.GroupTest" time="4.820" errors="0" timestamp="2022-09-29T13:23:40 IST" skipped="0">
  <testcase classname="com.simplilearn.testng.GroupTest" name="loginWithChrome" time="0.161"/>
  <system-out/>
  <testcase classname="com.simplilearn.testng.GroupTest" name="launchChrome" time="4.659"/>
  <system-out/>
</testsuite> <!-- com.simplilearn.testng.GroupTest -->
