<?xml version="1.0" encoding="UTF-8"?>
<!-- Generated by org.testng.reporters.JUnitReportReporter -->
<testsuite hostname="DESKTOP-5TMJUQI" failures="0" tests="1" name="com.simplilearn.testng.AssertionExample" time="2.744" errors="0" timestamp="2022-09-29T13:23:40 IST" skipped="0">
  <testcase classname="com.simplilearn.testng.AssertionExample" name="TitleTest" time="2.744"/>
  <system-out/>
</testsuite> <!-- com.simplilearn.testng.AssertionExample -->
