<?xml version="1.0" encoding="UTF-8"?>
<!-- Generated by org.testng.reporters.JUnitReportReporter -->
<testsuite hostname="DESKTOP-5TMJUQI" failures="0" tests="1" name="com.simplilearn.testng.FacebookLogin" time="1.760" errors="0" timestamp="2022-09-29T13:23:40 IST" skipped="0">
  <testcase classname="com.simplilearn.testng.FacebookLogin" name="facebook" time="1.760"/>
  <system-out/>
</testsuite> <!-- com.simplilearn.testng.FacebookLogin -->
